<?xml version="1.0" encoding="UTF-8"?>
<!-- Generated by org.testng.reporters.JUnitXMLReporter -->
<testsuite hostname="M5-D-7659NK2" ignored="0" name="test" tests="115" failures="1" timestamp="20 Jun 2018 11:00:44 GMT" time="4907.003" errors="0">
  <testcase name="Go_to_Menu" time="13.244" classname="com.RM.Main_Scripts.Add_New_User_Main_Test"/>
  <testcase name="Menu_Navigation" time="19.578" classname="com.RM.Main_Scripts.Change_Seat_Main"/>
  <testcase name="Go_to_Menu" time="20.164" classname="com.RM.Main_Scripts.Employee_Information_Main"/>
  <testcase name="Menu_Navigation" time="17.191" classname="com.RM.Main_Scripts.Leave_apply_test"/>
  <testcase name="Menu_Navigation" time="28.187" classname="com.RM.Main_Scripts.Leave_Approval_Main"/>
  <testcase name="Menu_Navigation" time="17.34" classname="com.RM.Main_Scripts.Leave_Request_Complete_Main"/>
  <testcase name="Menu_Navigation" time="19.666" classname="com.RM.Main_Scripts.OB_NewHire_Main"/>
  <testcase name="Menu_Navigation" time="24.006" classname="com.RM.Main_Scripts.RM_NewHire__Main"/>
  <testcase name="Menu_Navigation" time="22.248" classname="com.RM.Main_Scripts.Skill_Competency_Main"/>
  <testcase name="Menu_Navigation" time="22.029" classname="com.RM.Main_Scripts.Skill_Work_Type_Main"/>
  <testcase name="Menu_Navigation" time="23.673" classname="com.RM.Main_Scripts.Time_Card_Main"/>
  <testcase name="Menu_Navigation" time="19.46" classname="com.RM.Main_Scripts.WP_New_Hire_Main"/>
  <testcase name="Menu_Navigation" time="19.637" classname="com.RM.Main_Scripts.WPS_New_Hire_Main"/>
  <testcase name="Go_to_Menu" time="10.904" classname="com.RM.Main_Scripts.XNARF_Task_Main"/>
  <testcase name="Go_to_Menu" time="6.836" classname="com.RM.Main_Scripts.XNARF_TF_Main"/>
  <testcase name="Go_to_Menu" time="4.626" classname="com.RM.Main_Scripts.XNARF_TR_Main"/>
  <testcase name="Menu_Navigation" time="23.385" classname="com.RM.Main_Scripts.XnarfMainPage_Main"/>
  <testcase name="Add_New_user_Data_Entry" time="0.003" classname="com.RM.Main_Scripts.Add_New_User_Main_Test"/>
  <testcase name="Add_New_user_Data_Entry" time="0.003" classname="com.RM.Main_Scripts.Add_New_User_Main_Test"/>
  <testcase name="Add_New_user_Data_Entry" time="0.001" classname="com.RM.Main_Scripts.Add_New_User_Main_Test"/>
  <testcase name="Add_New_user_Data_Entry" time="5.243" classname="com.RM.Main_Scripts.Add_New_User_Main_Test"/>
  <testcase name="Change_Seat" time="0.003" classname="com.RM.Main_Scripts.Change_Seat_Main"/>
  <testcase name="Change_Seat" time="48.428" classname="com.RM.Main_Scripts.Change_Seat_Main"/>
  <testcase name="Change_Seat" time="10.13" classname="com.RM.Main_Scripts.Change_Seat_Main"/>
  <testcase name="Change_Seat" time="10.421" classname="com.RM.Main_Scripts.Change_Seat_Main"/>
  <testcase name="Change_Seat" time="11.061" classname="com.RM.Main_Scripts.Change_Seat_Main"/>
  <testcase name="Change_Seat" time="61.615" classname="com.RM.Main_Scripts.Change_Seat_Main"/>
  <testcase name="Employee_Information_Entry" time="0.002" classname="com.RM.Main_Scripts.Employee_Information_Main"/>
  <testcase name="Employee_Information_Entry" time="5.217" classname="com.RM.Main_Scripts.Employee_Information_Main"/>
  <testcase name="Employee_Information_Entry" time="10.424" classname="com.RM.Main_Scripts.Employee_Information_Main"/>
  <testcase name="Employee_Information_Entry" time="0.001" classname="com.RM.Main_Scripts.Employee_Information_Main"/>
  <testcase name="Employee_Information_Entry" time="0.002" classname="com.RM.Main_Scripts.Employee_Information_Main"/>
  <testcase name="Employee_Information_Entry" time="10.442" classname="com.RM.Main_Scripts.Employee_Information_Main"/>
  <testcase name="Employee_Information_Entry" time="0.002" classname="com.RM.Main_Scripts.Employee_Information_Main"/>
  <testcase name="Apply_Leave" time="0.001" classname="com.RM.Main_Scripts.Leave_apply_test"/>
  <testcase name="Apply_Leave" time="10.176" classname="com.RM.Main_Scripts.Leave_apply_test"/>
  <testcase name="Apply_Leave" time="10.328" classname="com.RM.Main_Scripts.Leave_Approval_Main"/>
  <testcase name="Apply_Leave" time="0.001" classname="com.RM.Main_Scripts.Leave_Approval_Main"/>
  <testcase name="Apply_Leave" time="10.233" classname="com.RM.Main_Scripts.Leave_Request_Complete_Main"/>
  <testcase name="Apply_Leave" time="0.001" classname="com.RM.Main_Scripts.Leave_Request_Complete_Main"/>
  <testcase name="Apply_Leave" time="0.001" classname="com.RM.Main_Scripts.Leave_Request_Complete_Main"/>
  <testcase name="Xnarf_OB" time="91.332" classname="com.RM.Main_Scripts.OB_NewHire_Main"/>
  <testcase name="Xnarf_OB" time="0.001" classname="com.RM.Main_Scripts.OB_NewHire_Main"/>
  <testcase name="Xnarf_OB" time="0.001" classname="com.RM.Main_Scripts.OB_NewHire_Main"/>
  <testcase name="Xnarf_OB" time="0.001" classname="com.RM.Main_Scripts.OB_NewHire_Main"/>
  <testcase name="Xnarf_OB" time="0.0" classname="com.RM.Main_Scripts.OB_NewHire_Main"/>
  <testcase name="Xnarf_OB" time="0.001" classname="com.RM.Main_Scripts.OB_NewHire_Main"/>
  <testcase name="Xnarf_OB" time="0.001" classname="com.RM.Main_Scripts.OB_NewHire_Main"/>
  <testcase name="RM_Single" time="34.869" classname="com.RM.Main_Scripts.RM_NewHire__Main"/>
  <testcase name="RM_Single" time="26.448" classname="com.RM.Main_Scripts.RM_NewHire__Main"/>
  <testcase name="RM_Single" time="15.903" classname="com.RM.Main_Scripts.RM_NewHire__Main"/>
  <testcase name="RM_Single" time="16.258" classname="com.RM.Main_Scripts.RM_NewHire__Main"/>
  <testcase name="RM_Single" time="16.164" classname="com.RM.Main_Scripts.RM_NewHire__Main"/>
  <testcase name="RM_Single" time="105.829" classname="com.RM.Main_Scripts.RM_NewHire__Main"/>
  <testcase name="Skill_Competency" time="20.379" classname="com.RM.Main_Scripts.Skill_Competency_Main"/>
  <testcase name="Skill_Competency" time="10.195" classname="com.RM.Main_Scripts.Skill_Competency_Main"/>
  <testcase name="Skill_Competency" time="10.182" classname="com.RM.Main_Scripts.Skill_Competency_Main"/>
  <testcase name="Skill_Competency" time="20.817" classname="com.RM.Main_Scripts.Skill_Competency_Main"/>
  <testcase name="Skill_Competency" time="0.001" classname="com.RM.Main_Scripts.Skill_Competency_Main"/>
  <testcase name="Skill_Competency" time="10.327" classname="com.RM.Main_Scripts.Skill_Work_Type_Main"/>
  <testcase name="Skill_Competency" time="0.002" classname="com.RM.Main_Scripts.Skill_Work_Type_Main"/>
  <testcase name="Skill_Competency" time="0.002" classname="com.RM.Main_Scripts.Skill_Work_Type_Main"/>
  <testcase name="Skill_Competency" time="0.006" classname="com.RM.Main_Scripts.Skill_Work_Type_Main"/>
  <testcase name="Time_Card" time="10.321" classname="com.RM.Main_Scripts.Time_Card_Main"/>
  <testcase name="Time_Card" time="10.232" classname="com.RM.Main_Scripts.Time_Card_Main"/>
  <testcase name="Time_Card" time="10.495" classname="com.RM.Main_Scripts.Time_Card_Main"/>
  <testcase name="Time_Card" time="10.371" classname="com.RM.Main_Scripts.Time_Card_Main"/>
  <testcase name="Time_Card" time="10.196" classname="com.RM.Main_Scripts.Time_Card_Main"/>
  <testcase name="Time_Card" time="20.492" classname="com.RM.Main_Scripts.Time_Card_Main"/>
  <testcase name="Time_Card" time="20.502" classname="com.RM.Main_Scripts.Time_Card_Main"/>
  <testcase name="Time_Card" time="0.0" classname="com.RM.Main_Scripts.Time_Card_Main"/>
  <testcase name="RM_Single" time="30.721" classname="com.RM.Main_Scripts.WP_New_Hire_Main"/>
  <testcase name="RM_Single" time="25.359" classname="com.RM.Main_Scripts.WP_New_Hire_Main"/>
  <testcase name="RM_Single" time="15.659" classname="com.RM.Main_Scripts.WP_New_Hire_Main"/>
  <testcase name="RM_Single" time="16.26" classname="com.RM.Main_Scripts.WP_New_Hire_Main"/>
  <testcase name="RM_Single" time="19.479" classname="com.RM.Main_Scripts.WP_New_Hire_Main"/>
  <testcase name="RM_Single" time="47.926" classname="com.RM.Main_Scripts.WP_New_Hire_Main"/>
  <testcase name="Xnarf_WPS" time="0.13" classname="com.RM.Main_Scripts.WPS_New_Hire_Main">
    <failure type="org.testng.internal.reflect.MethodMatcherException" message="
Data provider mismatch
Method: Xnarf_WPS([Parameter{index=0, type=java.lang.String, declaredAnnotations=[]}, Parameter{index=1, type=java.lang.String, declaredAnnotations=[]}, Parameter{index=2, type=java.lang.String, declaredAnnotations=[]}, Parameter{index=3, type=java.lang.String, declaredAnnotations=[]}, Parameter{index=4, type=java.lang.String, declaredAnnotations=[]}, Parameter{index=5, type=java.lang.String, declaredAnnotations=[]}])
Arguments: [(java.lang.String) y,(java.lang.String) Single,(java.lang.String) NH000058,(java.lang.String) y,(java.lang.String) Null,(java.lang.String) Its testing bro.,(java.lang.String) ]">
      <![CDATA[org.testng.internal.reflect.MethodMatcherException: Data provider mismatchMethod: Xnarf_WPS([Parameter{index=0, type=java.lang.String, declaredAnnotations=[]}, Parameter{index=1, type=java.lang.String, declaredAnnotations=[]}, Parameter{index=2, type=java.lang.String, declaredAnnotations=[]}, Parameter{index=3, type=java.lang.String, declaredAnnotations=[]}, Parameter{index=4, type=java.lang.String, declaredAnnotations=[]}, Parameter{index=5, type=java.lang.String, declaredAnnotations=[]}])Arguments: [(java.lang.String) y,(java.lang.String) Single,(java.lang.String) NH000058,(java.lang.String) y,(java.lang.String) Null,(java.lang.String) Its testing bro.,(java.lang.String) ]... Removed 20 stack frames]]>
    </failure>
  </testcase> <!-- Xnarf_WPS -->
  <testcase name="XNARF_Task_WF" time="6.146" classname="com.RM.Main_Scripts.XNARF_Task_Main"/>
  <testcase name="XNARF_Task_WF" time="0.997" classname="com.RM.Main_Scripts.XNARF_Task_Main"/>
  <testcase name="XNARF_Task_WF" time="27.184" classname="com.RM.Main_Scripts.XNARF_Task_Main"/>
  <testcase name="XNARF_Task_WF" time="0.001" classname="com.RM.Main_Scripts.XNARF_Task_Main"/>
  <testcase name="XNARF_Task_WF" time="25.926" classname="com.RM.Main_Scripts.XNARF_Task_Main"/>
  <testcase name="XNARF_Task_WF" time="0.001" classname="com.RM.Main_Scripts.XNARF_Task_Main"/>
  <testcase name="XNARF_Task_WF" time="0.001" classname="com.RM.Main_Scripts.XNARF_Task_Main"/>
  <testcase name="XNARF_Task_WF" time="0.001" classname="com.RM.Main_Scripts.XNARF_Task_Main"/>
  <testcase name="XNARF_Task_WF" time="6.825" classname="com.RM.Main_Scripts.XNARF_TF_Main"/>
  <testcase name="XNARF_Task_WF" time="26.858" classname="com.RM.Main_Scripts.XNARF_TF_Main"/>
  <testcase name="XNARF_Task_WF" time="50.527" classname="com.RM.Main_Scripts.XNARF_TF_Main"/>
  <testcase name="XNARF_Task_WF" time="0.0" classname="com.RM.Main_Scripts.XNARF_TF_Main"/>
  <testcase name="XNARF_Task_WF" time="24.076" classname="com.RM.Main_Scripts.XNARF_TF_Main"/>
  <testcase name="XNARF_Task_WF" time="0.0" classname="com.RM.Main_Scripts.XNARF_TF_Main"/>
  <testcase name="XNARF_Task_WF" time="0.0" classname="com.RM.Main_Scripts.XNARF_TF_Main"/>
  <testcase name="XNARF_Task_WF" time="0.0" classname="com.RM.Main_Scripts.XNARF_TF_Main"/>
  <testcase name="XNARF_Task_WF" time="6.266" classname="com.RM.Main_Scripts.XNARF_TR_Main"/>
  <testcase name="XNARF_Task_WF" time="26.585" classname="com.RM.Main_Scripts.XNARF_TR_Main"/>
  <testcase name="Xnarf_Task" time="117.217" classname="com.RM.Main_Scripts.XnarfMainPage_Main"/>
  <testcase name="Xnarf_Task" time="80.345" classname="com.RM.Main_Scripts.XnarfMainPage_Main"/>
  <testcase name="tear" time="1.812" classname="com.RM.Main_Scripts.Add_New_User_Main_Test"/>
  <testcase name="tear" time="0.002" classname="com.RM.Main_Scripts.Change_Seat_Main"/>
  <testcase name="tear" time="0.001" classname="com.RM.Main_Scripts.Employee_Information_Main"/>
  <testcase name="tear" time="0.001" classname="com.RM.Main_Scripts.Leave_apply_test"/>
  <testcase name="tear" time="0.002" classname="com.RM.Main_Scripts.Leave_Approval_Main"/>
  <testcase name="tear" time="0.001" classname="com.RM.Main_Scripts.Leave_Request_Complete_Main"/>
  <testcase name="tear" time="0.001" classname="com.RM.Main_Scripts.OB_NewHire_Main"/>
  <testcase name="tear" time="0.002" classname="com.RM.Main_Scripts.RM_NewHire__Main"/>
  <testcase name="tear" time="0.001" classname="com.RM.Main_Scripts.Skill_Competency_Main"/>
  <testcase name="tear" time="0.001" classname="com.RM.Main_Scripts.Skill_Work_Type_Main"/>
  <testcase name="tear" time="0.001" classname="com.RM.Main_Scripts.Time_Card_Main"/>
  <testcase name="tear" time="0.001" classname="com.RM.Main_Scripts.WP_New_Hire_Main"/>
  <testcase name="tear" time="0.001" classname="com.RM.Main_Scripts.WPS_New_Hire_Main"/>
  <testcase name="tear" time="0.0" classname="com.RM.Main_Scripts.XNARF_Task_Main"/>
  <testcase name="tear" time="0.001" classname="com.RM.Main_Scripts.XNARF_TF_Main"/>
  <testcase name="tear" time="0.001" classname="com.RM.Main_Scripts.XNARF_TR_Main"/>
  <testcase name="tear" time="0.0" classname="com.RM.Main_Scripts.XnarfMainPage_Main"/>
</testsuite> <!-- test -->
