<?xml version="1.0" encoding="UTF-8"?>
<testng-results skipped="0" failed="3" ignored="0" total="7" passed="4">
  <reporter-output>
  </reporter-output>
  <suite name="Default suite" duration-ms="100950" started-at="2019-05-16T10:30:54Z" finished-at="2019-05-16T10:32:35Z">
    <groups>
    </groups>
    <test name="Default test" duration-ms="100950" started-at="2019-05-16T10:30:54Z" finished-at="2019-05-16T10:32:35Z">
      <class name="com.RM.Main_Scripts.Add_New_User_Main_Test">
        <test-method status="PASS" signature="Set_UP()[pri:0, instance:com.RM.Main_Scripts.Add_New_User_Main_Test@2eda0940]" name="Set_UP" is-config="true" duration-ms="31627" started-at="2019-05-16T10:30:54Z" finished-at="2019-05-16T10:31:26Z">
          <reporter-output>
          </reporter-output>
        </test-method> <!-- Set_UP -->
        <test-method status="FAIL" signature="Go_to_Menu()[pri:1, instance:com.RM.Main_Scripts.Add_New_User_Main_Test@2eda0940]" name="Go_to_Menu" duration-ms="18202" started-at="2019-05-16T10:31:26Z" finished-at="2019-05-16T10:31:44Z">
          <exception class="org.openqa.selenium.WebDriverException">
            <message>
              <![CDATA[chrome not reachable
  (Session info: chrome=74.0.3729.157)
  (Driver info: chromedriver=74.0.3729.6 (255758eccf3d244491b8a1317aa76e1ce10d57e9-refs/branch-heads/3729@{#29}),platform=Windows NT 10.0.17763 x86_64) (WARNING: The server did not provide any stacktrace information)
Command duration or timeout: 0 milliseconds
Build info: version: '3.141.59', revision: 'e82be7d358', time: '2018-11-14T08:17:03'
System info: host: 'M5-D-HY7VXJ2', ip: '10.214.205.176', os.name: 'Windows 10', os.arch: 'amd64', os.version: '10.0', java.version: '1.8.0_171'
Driver info: org.openqa.selenium.chrome.ChromeDriver
Capabilities {acceptInsecureCerts: false, acceptSslCerts: false, applicationCacheEnabled: false, browserConnectionEnabled: false, browserName: chrome, chrome: {chromedriverVersion: 74.0.3729.6 (255758eccf3d24..., userDataDir: C:\Users\ANEESI~1.SHA\AppDa...}, cssSelectorsEnabled: true, databaseEnabled: false, goog:chromeOptions: {debuggerAddress: localhost:55490}, handlesAlerts: true, hasTouchScreen: false, javascriptEnabled: true, locationContextEnabled: true, mobileEmulationEnabled: false, nativeEvents: true, networkConnectionEnabled: false, pageLoadStrategy: normal, platform: XP, platformName: XP, proxy: Proxy(), rotatable: false, setWindowRect: true, strictFileInteractability: false, takesHeapSnapshot: true, takesScreenshot: true, timeouts: {implicit: 0, pageLoad: 300000, script: 30000}, unexpectedAlertBehaviour: ignore, unhandledPromptBehavior: ignore, version: 74.0.3729.157, webStorageEnabled: true}
Session ID: 32e776920e1e13751037f10eefe43248]]>
            </message>
            <full-stacktrace>
              <![CDATA[org.openqa.selenium.WebDriverException: chrome not reachable
  (Session info: chrome=74.0.3729.157)
  (Driver info: chromedriver=74.0.3729.6 (255758eccf3d244491b8a1317aa76e1ce10d57e9-refs/branch-heads/3729@{#29}),platform=Windows NT 10.0.17763 x86_64) (WARNING: The server did not provide any stacktrace information)
Command duration or timeout: 0 milliseconds
Build info: version: '3.141.59', revision: 'e82be7d358', time: '2018-11-14T08:17:03'
System info: host: 'M5-D-HY7VXJ2', ip: '10.214.205.176', os.name: 'Windows 10', os.arch: 'amd64', os.version: '10.0', java.version: '1.8.0_171'
Driver info: org.openqa.selenium.chrome.ChromeDriver
Capabilities {acceptInsecureCerts: false, acceptSslCerts: false, applicationCacheEnabled: false, browserConnectionEnabled: false, browserName: chrome, chrome: {chromedriverVersion: 74.0.3729.6 (255758eccf3d24..., userDataDir: C:\Users\ANEESI~1.SHA\AppDa...}, cssSelectorsEnabled: true, databaseEnabled: false, goog:chromeOptions: {debuggerAddress: localhost:55490}, handlesAlerts: true, hasTouchScreen: false, javascriptEnabled: true, locationContextEnabled: true, mobileEmulationEnabled: false, nativeEvents: true, networkConnectionEnabled: false, pageLoadStrategy: normal, platform: XP, platformName: XP, proxy: Proxy(), rotatable: false, setWindowRect: true, strictFileInteractability: false, takesHeapSnapshot: true, takesScreenshot: true, timeouts: {implicit: 0, pageLoad: 300000, script: 30000}, unexpectedAlertBehaviour: ignore, unhandledPromptBehavior: ignore, version: 74.0.3729.157, webStorageEnabled: true}
Session ID: 32e776920e1e13751037f10eefe43248
at sun.reflect.NativeConstructorAccessorImpl.newInstance0(Native Method)
at sun.reflect.NativeConstructorAccessorImpl.newInstance(NativeConstructorAccessorImpl.java:62)
at sun.reflect.DelegatingConstructorAccessorImpl.newInstance(DelegatingConstructorAccessorImpl.java:45)
at java.lang.reflect.Constructor.newInstance(Constructor.java:423)
at org.openqa.selenium.remote.ErrorHandler.createThrowable(ErrorHandler.java:214)
at org.openqa.selenium.remote.ErrorHandler.throwIfResponseFailed(ErrorHandler.java:166)
at org.openqa.selenium.remote.http.JsonHttpResponseCodec.reconstructValue(JsonHttpResponseCodec.java:40)
at org.openqa.selenium.remote.http.AbstractHttpResponseCodec.decode(AbstractHttpResponseCodec.java:80)
at org.openqa.selenium.remote.http.AbstractHttpResponseCodec.decode(AbstractHttpResponseCodec.java:44)
at org.openqa.selenium.remote.HttpCommandExecutor.execute(HttpCommandExecutor.java:158)
at org.openqa.selenium.remote.service.DriverCommandExecutor.execute(DriverCommandExecutor.java:83)
at org.openqa.selenium.remote.RemoteWebDriver.execute(RemoteWebDriver.java:552)
at org.openqa.selenium.remote.RemoteWebDriver.execute(RemoteWebDriver.java:609)
at org.openqa.selenium.remote.RemoteWebDriver.getScreenshotAs(RemoteWebDriver.java:295)
at com.RM.Generic.GenericMethods2.captureScreenshot(GenericMethods2.java:1053)
at com.RM.Generic.GenericMethods2.logFail(GenericMethods2.java:119)
at com.RM.Main_Scripts.Add_New_User_Main_Test.Go_to_Menu(Add_New_User_Main_Test.java:51)
at sun.reflect.NativeMethodAccessorImpl.invoke0(Native Method)
at sun.reflect.NativeMethodAccessorImpl.invoke(NativeMethodAccessorImpl.java:62)
at sun.reflect.DelegatingMethodAccessorImpl.invoke(DelegatingMethodAccessorImpl.java:43)
at java.lang.reflect.Method.invoke(Method.java:498)
at org.testng.internal.MethodInvocationHelper.invokeMethod(MethodInvocationHelper.java:124)
at org.testng.internal.Invoker.invokeMethod(Invoker.java:580)
at org.testng.internal.Invoker.invokeTestMethod(Invoker.java:716)
at org.testng.internal.Invoker.invokeTestMethods(Invoker.java:988)
at org.testng.internal.TestMethodWorker.invokeTestMethods(TestMethodWorker.java:125)
at org.testng.internal.TestMethodWorker.run(TestMethodWorker.java:109)
at org.testng.TestRunner.privateRun(TestRunner.java:648)
at org.testng.TestRunner.run(TestRunner.java:505)
at org.testng.SuiteRunner.runTest(SuiteRunner.java:455)
at org.testng.SuiteRunner.runSequentially(SuiteRunner.java:450)
at org.testng.SuiteRunner.privateRun(SuiteRunner.java:415)
at org.testng.SuiteRunner.run(SuiteRunner.java:364)
at org.testng.SuiteRunnerWorker.runSuite(SuiteRunnerWorker.java:52)
at org.testng.SuiteRunnerWorker.run(SuiteRunnerWorker.java:84)
at org.testng.TestNG.runSuitesSequentially(TestNG.java:1208)
at org.testng.TestNG.runSuitesLocally(TestNG.java:1137)
at org.testng.TestNG.runSuites(TestNG.java:1049)
at org.testng.TestNG.run(TestNG.java:1017)
at org.testng.remote.AbstractRemoteTestNG.run(AbstractRemoteTestNG.java:114)
at org.testng.remote.RemoteTestNG.initAndRun(RemoteTestNG.java:251)
at org.testng.remote.RemoteTestNG.main(RemoteTestNG.java:77)
]]>
            </full-stacktrace>
          </exception> <!-- org.openqa.selenium.WebDriverException -->
          <reporter-output>
          </reporter-output>
        </test-method> <!-- Go_to_Menu -->
        <test-method status="PASS" signature="Add_New_user_Data_Entry(java.lang.String, java.lang.String, java.lang.String, java.lang.String, java.lang.String, java.lang.String, java.lang.String, java.lang.String, java.lang.String, java.lang.String, java.lang.String, java.lang.String, java.lang.String, java.lang.String, java.lang.String, java.lang.String, java.lang.String, java.lang.String, java.lang.String, java.lang.String, java.lang.String, java.lang.String, java.lang.String, java.lang.String, java.lang.String, java.lang.String, java.lang.String, java.lang.String, java.lang.String, java.lang.String, java.lang.String, java.lang.String, java.lang.String, java.lang.String, java.lang.String, java.lang.String, java.lang.String, java.lang.String, java.lang.String, java.lang.String, java.lang.String, java.lang.String, java.lang.String, java.lang.String, java.lang.String, java.lang.String, java.lang.String, java.lang.String, java.lang.String, java.lang.String, java.lang.String, java.lang.String, java.lang.String, java.lang.String, java.lang.String, java.lang.String, java.lang.String)[pri:2, instance:com.RM.Main_Scripts.Add_New_User_Main_Test@2eda0940]" name="Add_New_user_Data_Entry" duration-ms="2" started-at="2019-05-16T10:31:47Z" data-provider="Add_NEW_USER" finished-at="2019-05-16T10:31:47Z">
          <params>
            <param index="0">
              <value>
                <![CDATA[N]]>
              </value>
            </param>
            <param index="1">
              <value>
                <![CDATA[Add User and Detials]]>
              </value>
            </param>
            <param index="2">
              <value>
                <![CDATA[Add User and Detials]]>
              </value>
            </param>
            <param index="3">
              <value>
                <![CDATA[AUTOTEST4]]>
              </value>
            </param>
            <param index="4">
              <value>
                <![CDATA[Mr.]]>
              </value>
            </param>
            <param index="5">
              <value>
                <![CDATA[No]]>
              </value>
            </param>
            <param index="6">
              <value>
                <![CDATA[AutoOne]]>
              </value>
            </param>
            <param index="7">
              <value>
                <![CDATA[Middle]]>
              </value>
            </param>
            <param index="8">
              <value>
                <![CDATA[LastOne]]>
              </value>
            </param>
            <param index="9">
              <value>
                <![CDATA[AutomaticOne]]>
              </value>
            </param>
            <param index="10">
              <value>
                <![CDATA[AUTOTEST1]]>
              </value>
            </param>
            <param index="11">
              <value>
                <![CDATA[11257781]]>
              </value>
            </param>
            <param index="12">
              <value>
                <![CDATA[11257781]]>
              </value>
            </param>
            <param index="13">
              <value>
                <![CDATA[1/1/2017]]>
              </value>
            </param>
            <param index="14">
              <value>
                <![CDATA[Y]]>
              </value>
            </param>
            <param index="15">
              <value>
                <![CDATA[1/1/2017]]>
              </value>
            </param>
            <param index="16">
              <value>
                <![CDATA[Resi Mortgage Default]]>
              </value>
            </param>
            <param index="17">
              <value>
                <![CDATA[FNMA]]>
              </value>
            </param>
            <param index="18">
              <value>
                <![CDATA[New]]>
              </value>
            </param>
            <param index="19">
              <value>
                <![CDATA[ASD]]>
              </value>
            </param>
            <param index="20">
              <value>
                <![CDATA[Associate]]>
              </value>
            </param>
            <param index="21">
              <value>
                <![CDATA[SA-Babcock]]>
              </value>
            </param>
            <param index="22">
              <value>
                <![CDATA[Training-Seat]]>
              </value>
            </param>
            <param index="23">
              <value>
                <![CDATA[Automation]]>
              </value>
            </param>
            <param index="24">
              <value>
                <![CDATA[New123]]>
              </value>
            </param>
            <param index="25">
              <value>
                <![CDATA[Service Provider]]>
              </value>
            </param>
            <param index="26">
              <value>
                <![CDATA[OJT]]>
              </value>
            </param>
            <param index="27">
              <value>
                <![CDATA[3/1/2017]]>
              </value>
            </param>
            <param index="28">
              <value>
                <![CDATA[automato.guy]]>
              </value>
            </param>
            <param index="29">
              <value>
                <![CDATA[automato.guy]]>
              </value>
            </param>
            <param index="30">
              <value>
                <![CDATA[Y]]>
              </value>
            </param>
            <param index="31">
              <value>
                <![CDATA[new123$]]>
              </value>
            </param>
            <param index="32">
              <value>
                <![CDATA[Y]]>
              </value>
            </param>
            <param index="33">
              <value>
                <![CDATA[]]>
              </value>
            </param>
            <param index="34">
              <value>
                <![CDATA[]]>
              </value>
            </param>
            <param index="35">
              <value>
                <![CDATA[]]>
              </value>
            </param>
            <param index="36">
              <value>
                <![CDATA[]]>
              </value>
            </param>
            <param index="37">
              <value>
                <![CDATA[]]>
              </value>
            </param>
            <param index="38">
              <value>
                <![CDATA[]]>
              </value>
            </param>
            <param index="39">
              <value>
                <![CDATA[]]>
              </value>
            </param>
            <param index="40">
              <value>
                <![CDATA[]]>
              </value>
            </param>
            <param index="41">
              <value>
                <![CDATA[]]>
              </value>
            </param>
            <param index="42">
              <value>
                <![CDATA[]]>
              </value>
            </param>
            <param index="43">
              <value>
                <![CDATA[]]>
              </value>
            </param>
            <param index="44">
              <value>
                <![CDATA[]]>
              </value>
            </param>
            <param index="45">
              <value>
                <![CDATA[]]>
              </value>
            </param>
            <param index="46">
              <value>
                <![CDATA[]]>
              </value>
            </param>
            <param index="47">
              <value>
                <![CDATA[]]>
              </value>
            </param>
            <param index="48">
              <value>
                <![CDATA[]]>
              </value>
            </param>
            <param index="49">
              <value>
                <![CDATA[]]>
              </value>
            </param>
            <param index="50">
              <value>
                <![CDATA[]]>
              </value>
            </param>
            <param index="51">
              <value>
                <![CDATA[]]>
              </value>
            </param>
            <param index="52">
              <value>
                <![CDATA[]]>
              </value>
            </param>
            <param index="53">
              <value>
                <![CDATA[]]>
              </value>
            </param>
            <param index="54">
              <value>
                <![CDATA[]]>
              </value>
            </param>
            <param index="55">
              <value>
                <![CDATA[]]>
              </value>
            </param>
            <param index="56">
              <value>
                <![CDATA[]]>
              </value>
            </param>
          </params>
          <reporter-output>
          </reporter-output>
        </test-method> <!-- Add_New_user_Data_Entry -->
        <test-method status="PASS" signature="Add_New_user_Data_Entry(java.lang.String, java.lang.String, java.lang.String, java.lang.String, java.lang.String, java.lang.String, java.lang.String, java.lang.String, java.lang.String, java.lang.String, java.lang.String, java.lang.String, java.lang.String, java.lang.String, java.lang.String, java.lang.String, java.lang.String, java.lang.String, java.lang.String, java.lang.String, java.lang.String, java.lang.String, java.lang.String, java.lang.String, java.lang.String, java.lang.String, java.lang.String, java.lang.String, java.lang.String, java.lang.String, java.lang.String, java.lang.String, java.lang.String, java.lang.String, java.lang.String, java.lang.String, java.lang.String, java.lang.String, java.lang.String, java.lang.String, java.lang.String, java.lang.String, java.lang.String, java.lang.String, java.lang.String, java.lang.String, java.lang.String, java.lang.String, java.lang.String, java.lang.String, java.lang.String, java.lang.String, java.lang.String, java.lang.String, java.lang.String, java.lang.String, java.lang.String)[pri:2, instance:com.RM.Main_Scripts.Add_New_User_Main_Test@2eda0940]" name="Add_New_user_Data_Entry" duration-ms="5" started-at="2019-05-16T10:31:47Z" data-provider="Add_NEW_USER" finished-at="2019-05-16T10:31:47Z">
          <params>
            <param index="0">
              <value>
                <![CDATA[N]]>
              </value>
            </param>
            <param index="1">
              <value>
                <![CDATA[Mandatory Check]]>
              </value>
            </param>
            <param index="2">
              <value>
                <![CDATA[Mandatory Check]]>
              </value>
            </param>
            <param index="3">
              <value>
                <![CDATA[]]>
              </value>
            </param>
            <param index="4">
              <value>
                <![CDATA[]]>
              </value>
            </param>
            <param index="5">
              <value>
                <![CDATA[]]>
              </value>
            </param>
            <param index="6">
              <value>
                <![CDATA[]]>
              </value>
            </param>
            <param index="7">
              <value>
                <![CDATA[]]>
              </value>
            </param>
            <param index="8">
              <value>
                <![CDATA[]]>
              </value>
            </param>
            <param index="9">
              <value>
                <![CDATA[]]>
              </value>
            </param>
            <param index="10">
              <value>
                <![CDATA[]]>
              </value>
            </param>
            <param index="11">
              <value>
                <![CDATA[]]>
              </value>
            </param>
            <param index="12">
              <value>
                <![CDATA[]]>
              </value>
            </param>
            <param index="13">
              <value>
                <![CDATA[]]>
              </value>
            </param>
            <param index="14">
              <value>
                <![CDATA[]]>
              </value>
            </param>
            <param index="15">
              <value>
                <![CDATA[]]>
              </value>
            </param>
            <param index="16">
              <value>
                <![CDATA[]]>
              </value>
            </param>
            <param index="17">
              <value>
                <![CDATA[]]>
              </value>
            </param>
            <param index="18">
              <value>
                <![CDATA[]]>
              </value>
            </param>
            <param index="19">
              <value>
                <![CDATA[]]>
              </value>
            </param>
            <param index="20">
              <value>
                <![CDATA[]]>
              </value>
            </param>
            <param index="21">
              <value>
                <![CDATA[]]>
              </value>
            </param>
            <param index="22">
              <value>
                <![CDATA[]]>
              </value>
            </param>
            <param index="23">
              <value>
                <![CDATA[]]>
              </value>
            </param>
            <param index="24">
              <value>
                <![CDATA[]]>
              </value>
            </param>
            <param index="25">
              <value>
                <![CDATA[]]>
              </value>
            </param>
            <param index="26">
              <value>
                <![CDATA[]]>
              </value>
            </param>
            <param index="27">
              <value>
                <![CDATA[]]>
              </value>
            </param>
            <param index="28">
              <value>
                <![CDATA[]]>
              </value>
            </param>
            <param index="29">
              <value>
                <![CDATA[]]>
              </value>
            </param>
            <param index="30">
              <value>
                <![CDATA[]]>
              </value>
            </param>
            <param index="31">
              <value>
                <![CDATA[]]>
              </value>
            </param>
            <param index="32">
              <value>
                <![CDATA[]]>
              </value>
            </param>
            <param index="33">
              <value>
                <![CDATA[]]>
              </value>
            </param>
            <param index="34">
              <value>
                <![CDATA[]]>
              </value>
            </param>
            <param index="35">
              <value>
                <![CDATA[]]>
              </value>
            </param>
            <param index="36">
              <value>
                <![CDATA[]]>
              </value>
            </param>
            <param index="37">
              <value>
                <![CDATA[]]>
              </value>
            </param>
            <param index="38">
              <value>
                <![CDATA[]]>
              </value>
            </param>
            <param index="39">
              <value>
                <![CDATA[]]>
              </value>
            </param>
            <param index="40">
              <value>
                <![CDATA[]]>
              </value>
            </param>
            <param index="41">
              <value>
                <![CDATA[]]>
              </value>
            </param>
            <param index="42">
              <value>
                <![CDATA[]]>
              </value>
            </param>
            <param index="43">
              <value>
                <![CDATA[]]>
              </value>
            </param>
            <param index="44">
              <value>
                <![CDATA[]]>
              </value>
            </param>
            <param index="45">
              <value>
                <![CDATA[]]>
              </value>
            </param>
            <param index="46">
              <value>
                <![CDATA[]]>
              </value>
            </param>
            <param index="47">
              <value>
                <![CDATA[]]>
              </value>
            </param>
            <param index="48">
              <value>
                <![CDATA[]]>
              </value>
            </param>
            <param index="49">
              <value>
                <![CDATA[]]>
              </value>
            </param>
            <param index="50">
              <value>
                <![CDATA[]]>
              </value>
            </param>
            <param index="51">
              <value>
                <![CDATA[]]>
              </value>
            </param>
            <param index="52">
              <value>
                <![CDATA[]]>
              </value>
            </param>
            <param index="53">
              <value>
                <![CDATA[]]>
              </value>
            </param>
            <param index="54">
              <value>
                <![CDATA[]]>
              </value>
            </param>
            <param index="55">
              <value>
                <![CDATA[]]>
              </value>
            </param>
            <param index="56">
              <value>
                <![CDATA[]]>
              </value>
            </param>
          </params>
          <reporter-output>
          </reporter-output>
        </test-method> <!-- Add_New_user_Data_Entry -->
        <test-method status="PASS" signature="Add_New_user_Data_Entry(java.lang.String, java.lang.String, java.lang.String, java.lang.String, java.lang.String, java.lang.String, java.lang.String, java.lang.String, java.lang.String, java.lang.String, java.lang.String, java.lang.String, java.lang.String, java.lang.String, java.lang.String, java.lang.String, java.lang.String, java.lang.String, java.lang.String, java.lang.String, java.lang.String, java.lang.String, java.lang.String, java.lang.String, java.lang.String, java.lang.String, java.lang.String, java.lang.String, java.lang.String, java.lang.String, java.lang.String, java.lang.String, java.lang.String, java.lang.String, java.lang.String, java.lang.String, java.lang.String, java.lang.String, java.lang.String, java.lang.String, java.lang.String, java.lang.String, java.lang.String, java.lang.String, java.lang.String, java.lang.String, java.lang.String, java.lang.String, java.lang.String, java.lang.String, java.lang.String, java.lang.String, java.lang.String, java.lang.String, java.lang.String, java.lang.String, java.lang.String)[pri:2, instance:com.RM.Main_Scripts.Add_New_User_Main_Test@2eda0940]" name="Add_New_user_Data_Entry" duration-ms="6" started-at="2019-05-16T10:31:47Z" data-provider="Add_NEW_USER" finished-at="2019-05-16T10:31:47Z">
          <params>
            <param index="0">
              <value>
                <![CDATA[n]]>
              </value>
            </param>
            <param index="1">
              <value>
                <![CDATA[Add User and ContactInfo Detials]]>
              </value>
            </param>
            <param index="2">
              <value>
                <![CDATA[Add User and ContactInfo Detials]]>
              </value>
            </param>
            <param index="3">
              <value>
                <![CDATA[AUTOTEST7]]>
              </value>
            </param>
            <param index="4">
              <value>
                <![CDATA[Mr.]]>
              </value>
            </param>
            <param index="5">
              <value>
                <![CDATA[No]]>
              </value>
            </param>
            <param index="6">
              <value>
                <![CDATA[AutoSeven]]>
              </value>
            </param>
            <param index="7">
              <value>
                <![CDATA[Middle]]>
              </value>
            </param>
            <param index="8">
              <value>
                <![CDATA[LastOne]]>
              </value>
            </param>
            <param index="9">
              <value>
                <![CDATA[AutomaticOne]]>
              </value>
            </param>
            <param index="10">
              <value>
                <![CDATA[AUTOTEST7]]>
              </value>
            </param>
            <param index="11">
              <value>
                <![CDATA[11257781]]>
              </value>
            </param>
            <param index="12">
              <value>
                <![CDATA[11257781]]>
              </value>
            </param>
            <param index="13">
              <value>
                <![CDATA[3/1/2017]]>
              </value>
            </param>
            <param index="14">
              <value>
                <![CDATA[Y]]>
              </value>
            </param>
            <param index="15">
              <value>
                <![CDATA[3/1/2017]]>
              </value>
            </param>
            <param index="16">
              <value>
                <![CDATA[Resi Mortgage Default]]>
              </value>
            </param>
            <param index="17">
              <value>
                <![CDATA[FNMA]]>
              </value>
            </param>
            <param index="18">
              <value>
                <![CDATA[New]]>
              </value>
            </param>
            <param index="19">
              <value>
                <![CDATA[ASD]]>
              </value>
            </param>
            <param index="20">
              <value>
                <![CDATA[Associate]]>
              </value>
            </param>
            <param index="21">
              <value>
                <![CDATA[SA-Babcock]]>
              </value>
            </param>
            <param index="22">
              <value>
                <![CDATA[Training-Seat]]>
              </value>
            </param>
            <param index="23">
              <value>
                <![CDATA[Automation]]>
              </value>
            </param>
            <param index="24">
              <value>
                <![CDATA[New123]]>
              </value>
            </param>
            <param index="25">
              <value>
                <![CDATA[Service Provider]]>
              </value>
            </param>
            <param index="26">
              <value>
                <![CDATA[OJT]]>
              </value>
            </param>
            <param index="27">
              <value>
                <![CDATA[3/1/2017]]>
              </value>
            </param>
            <param index="28">
              <value>
                <![CDATA[autoeven.guy]]>
              </value>
            </param>
            <param index="29">
              <value>
                <![CDATA[aufisixo.guy]]>
              </value>
            </param>
            <param index="30">
              <value>
                <![CDATA[Y]]>
              </value>
            </param>
            <param index="31">
              <value>
                <![CDATA[new123$]]>
              </value>
            </param>
            <param index="32">
              <value>
                <![CDATA[Y]]>
              </value>
            </param>
            <param index="33">
              <value>
                <![CDATA[Y]]>
              </value>
            </param>
            <param index="34">
              <value>
                <![CDATA[Work]]>
              </value>
            </param>
            <param index="35">
              <value>
                <![CDATA[autoeven.guy@acc.in]]>
              </value>
            </param>
            <param index="36">
              <value>
                <![CDATA[Y]]>
              </value>
            </param>
            <param index="37">
              <value>
                <![CDATA[WORK]]>
              </value>
            </param>
            <param index="38">
              <value>
                <![CDATA[123]]>
              </value>
            </param>
            <param index="39">
              <value>
                <![CDATA[123]]>
              </value>
            </param>
            <param index="40">
              <value>
                <![CDATA[12]]>
              </value>
            </param>
            <param index="41">
              <value>
                <![CDATA[Y]]>
              </value>
            </param>
            <param index="42">
              <value>
                <![CDATA[WORK]]>
              </value>
            </param>
            <param index="43">
              <value>
                <![CDATA[ABCD]]>
              </value>
            </param>
            <param index="44">
              <value>
                <![CDATA[ABCD]]>
              </value>
            </param>
            <param index="45">
              <value>
                <![CDATA[ABCD]]>
              </value>
            </param>
            <param index="46">
              <value>
                <![CDATA[ABCD]]>
              </value>
            </param>
            <param index="47">
              <value>
                <![CDATA[ABCD]]>
              </value>
            </param>
            <param index="48">
              <value>
                <![CDATA[ABCD]]>
              </value>
            </param>
            <param index="49">
              <value>
                <![CDATA[123123]]>
              </value>
            </param>
            <param index="50">
              <value>
                <![CDATA[Y]]>
              </value>
            </param>
            <param index="51">
              <value>
                <![CDATA[3-3-1995]]>
              </value>
            </param>
            <param index="52">
              <value>
                <![CDATA[Married]]>
              </value>
            </param>
            <param index="53">
              <value>
                <![CDATA[3-3-2023]]>
              </value>
            </param>
            <param index="54">
              <value>
                <![CDATA[1232131]]>
              </value>
            </param>
            <param index="55">
              <value>
                <![CDATA[autoeven.guy]]>
              </value>
            </param>
            <param index="56">
              <value>
                <![CDATA[abc,adf]]>
              </value>
            </param>
          </params>
          <reporter-output>
          </reporter-output>
        </test-method> <!-- Add_New_user_Data_Entry -->
        <test-method status="FAIL" signature="Add_New_user_Data_Entry(java.lang.String, java.lang.String, java.lang.String, java.lang.String, java.lang.String, java.lang.String, java.lang.String, java.lang.String, java.lang.String, java.lang.String, java.lang.String, java.lang.String, java.lang.String, java.lang.String, java.lang.String, java.lang.String, java.lang.String, java.lang.String, java.lang.String, java.lang.String, java.lang.String, java.lang.String, java.lang.String, java.lang.String, java.lang.String, java.lang.String, java.lang.String, java.lang.String, java.lang.String, java.lang.String, java.lang.String, java.lang.String, java.lang.String, java.lang.String, java.lang.String, java.lang.String, java.lang.String, java.lang.String, java.lang.String, java.lang.String, java.lang.String, java.lang.String, java.lang.String, java.lang.String, java.lang.String, java.lang.String, java.lang.String, java.lang.String, java.lang.String, java.lang.String, java.lang.String, java.lang.String, java.lang.String, java.lang.String, java.lang.String, java.lang.String, java.lang.String)[pri:2, instance:com.RM.Main_Scripts.Add_New_User_Main_Test@2eda0940]" name="Add_New_user_Data_Entry" duration-ms="24110" started-at="2019-05-16T10:31:47Z" data-provider="Add_NEW_USER" finished-at="2019-05-16T10:32:11Z">
          <params>
            <param index="0">
              <value>
                <![CDATA[Y]]>
              </value>
            </param>
            <param index="1">
              <value>
                <![CDATA[Add Other Detials]]>
              </value>
            </param>
            <param index="2">
              <value>
                <![CDATA[Add User and ContactInfo Detials]]>
              </value>
            </param>
            <param index="3">
              <value>
                <![CDATA[AUTOTEST7]]>
              </value>
            </param>
            <param index="4">
              <value>
                <![CDATA[Mr.]]>
              </value>
            </param>
            <param index="5">
              <value>
                <![CDATA[No]]>
              </value>
            </param>
            <param index="6">
              <value>
                <![CDATA[AutoSeven]]>
              </value>
            </param>
            <param index="7">
              <value>
                <![CDATA[Middle]]>
              </value>
            </param>
            <param index="8">
              <value>
                <![CDATA[LastOne]]>
              </value>
            </param>
            <param index="9">
              <value>
                <![CDATA[AutomaticOne]]>
              </value>
            </param>
            <param index="10">
              <value>
                <![CDATA[AUTOTEST7]]>
              </value>
            </param>
            <param index="11">
              <value>
                <![CDATA[11257781]]>
              </value>
            </param>
            <param index="12">
              <value>
                <![CDATA[11257781]]>
              </value>
            </param>
            <param index="13">
              <value>
                <![CDATA[3/1/2017]]>
              </value>
            </param>
            <param index="14">
              <value>
                <![CDATA[Y]]>
              </value>
            </param>
            <param index="15">
              <value>
                <![CDATA[3/1/2017]]>
              </value>
            </param>
            <param index="16">
              <value>
                <![CDATA[Resi Mortgage Default]]>
              </value>
            </param>
            <param index="17">
              <value>
                <![CDATA[FNMA]]>
              </value>
            </param>
            <param index="18">
              <value>
                <![CDATA[New]]>
              </value>
            </param>
            <param index="19">
              <value>
                <![CDATA[ASD]]>
              </value>
            </param>
            <param index="20">
              <value>
                <![CDATA[Associate]]>
              </value>
            </param>
            <param index="21">
              <value>
                <![CDATA[SA-Babcock]]>
              </value>
            </param>
            <param index="22">
              <value>
                <![CDATA[Training-Seat]]>
              </value>
            </param>
            <param index="23">
              <value>
                <![CDATA[Automation]]>
              </value>
            </param>
            <param index="24">
              <value>
                <![CDATA[New123]]>
              </value>
            </param>
            <param index="25">
              <value>
                <![CDATA[Service Provider]]>
              </value>
            </param>
            <param index="26">
              <value>
                <![CDATA[OJT]]>
              </value>
            </param>
            <param index="27">
              <value>
                <![CDATA[3/1/2017]]>
              </value>
            </param>
            <param index="28">
              <value>
                <![CDATA[autoeven.guy]]>
              </value>
            </param>
            <param index="29">
              <value>
                <![CDATA[aufisixo.guy]]>
              </value>
            </param>
            <param index="30">
              <value>
                <![CDATA[Y]]>
              </value>
            </param>
            <param index="31">
              <value>
                <![CDATA[new123$]]>
              </value>
            </param>
            <param index="32">
              <value>
                <![CDATA[Y]]>
              </value>
            </param>
            <param index="33">
              <value>
                <![CDATA[Y]]>
              </value>
            </param>
            <param index="34">
              <value>
                <![CDATA[Work]]>
              </value>
            </param>
            <param index="35">
              <value>
                <![CDATA[autoeven.guy@acc.in]]>
              </value>
            </param>
            <param index="36">
              <value>
                <![CDATA[Y]]>
              </value>
            </param>
            <param index="37">
              <value>
                <![CDATA[WORK]]>
              </value>
            </param>
            <param index="38">
              <value>
                <![CDATA[123]]>
              </value>
            </param>
            <param index="39">
              <value>
                <![CDATA[123]]>
              </value>
            </param>
            <param index="40">
              <value>
                <![CDATA[12]]>
              </value>
            </param>
            <param index="41">
              <value>
                <![CDATA[Y]]>
              </value>
            </param>
            <param index="42">
              <value>
                <![CDATA[WORK]]>
              </value>
            </param>
            <param index="43">
              <value>
                <![CDATA[ABCD]]>
              </value>
            </param>
            <param index="44">
              <value>
                <![CDATA[ABCD]]>
              </value>
            </param>
            <param index="45">
              <value>
                <![CDATA[ABCD]]>
              </value>
            </param>
            <param index="46">
              <value>
                <![CDATA[ABCD]]>
              </value>
            </param>
            <param index="47">
              <value>
                <![CDATA[ABCD]]>
              </value>
            </param>
            <param index="48">
              <value>
                <![CDATA[ABCD]]>
              </value>
            </param>
            <param index="49">
              <value>
                <![CDATA[123123]]>
              </value>
            </param>
            <param index="50">
              <value>
                <![CDATA[Y]]>
              </value>
            </param>
            <param index="51">
              <value>
                <![CDATA[3-3-1995]]>
              </value>
            </param>
            <param index="52">
              <value>
                <![CDATA[Married]]>
              </value>
            </param>
            <param index="53">
              <value>
                <![CDATA[3-3-2023]]>
              </value>
            </param>
            <param index="54">
              <value>
                <![CDATA[1232131]]>
              </value>
            </param>
            <param index="55">
              <value>
                <![CDATA[autoeven.guy]]>
              </value>
            </param>
            <param index="56">
              <value>
                <![CDATA[abc,adf]]>
              </value>
            </param>
          </params>
          <exception class="org.openqa.selenium.WebDriverException">
            <message>
              <![CDATA[chrome not reachable
  (Session info: chrome=74.0.3729.157)
  (Driver info: chromedriver=74.0.3729.6 (255758eccf3d244491b8a1317aa76e1ce10d57e9-refs/branch-heads/3729@{#29}),platform=Windows NT 10.0.17763 x86_64) (WARNING: The server did not provide any stacktrace information)
Command duration or timeout: 0 milliseconds
Build info: version: '3.141.59', revision: 'e82be7d358', time: '2018-11-14T08:17:03'
System info: host: 'M5-D-HY7VXJ2', ip: '10.214.205.176', os.name: 'Windows 10', os.arch: 'amd64', os.version: '10.0', java.version: '1.8.0_171'
Driver info: org.openqa.selenium.chrome.ChromeDriver
Capabilities {acceptInsecureCerts: false, acceptSslCerts: false, applicationCacheEnabled: false, browserConnectionEnabled: false, browserName: chrome, chrome: {chromedriverVersion: 74.0.3729.6 (255758eccf3d24..., userDataDir: C:\Users\ANEESI~1.SHA\AppDa...}, cssSelectorsEnabled: true, databaseEnabled: false, goog:chromeOptions: {debuggerAddress: localhost:55490}, handlesAlerts: true, hasTouchScreen: false, javascriptEnabled: true, locationContextEnabled: true, mobileEmulationEnabled: false, nativeEvents: true, networkConnectionEnabled: false, pageLoadStrategy: normal, platform: XP, platformName: XP, proxy: Proxy(), rotatable: false, setWindowRect: true, strictFileInteractability: false, takesHeapSnapshot: true, takesScreenshot: true, timeouts: {implicit: 0, pageLoad: 300000, script: 30000}, unexpectedAlertBehaviour: ignore, unhandledPromptBehavior: ignore, version: 74.0.3729.157, webStorageEnabled: true}
Session ID: 32e776920e1e13751037f10eefe43248]]>
            </message>
            <full-stacktrace>
              <![CDATA[org.openqa.selenium.WebDriverException: chrome not reachable
  (Session info: chrome=74.0.3729.157)
  (Driver info: chromedriver=74.0.3729.6 (255758eccf3d244491b8a1317aa76e1ce10d57e9-refs/branch-heads/3729@{#29}),platform=Windows NT 10.0.17763 x86_64) (WARNING: The server did not provide any stacktrace information)
Command duration or timeout: 0 milliseconds
Build info: version: '3.141.59', revision: 'e82be7d358', time: '2018-11-14T08:17:03'
System info: host: 'M5-D-HY7VXJ2', ip: '10.214.205.176', os.name: 'Windows 10', os.arch: 'amd64', os.version: '10.0', java.version: '1.8.0_171'
Driver info: org.openqa.selenium.chrome.ChromeDriver
Capabilities {acceptInsecureCerts: false, acceptSslCerts: false, applicationCacheEnabled: false, browserConnectionEnabled: false, browserName: chrome, chrome: {chromedriverVersion: 74.0.3729.6 (255758eccf3d24..., userDataDir: C:\Users\ANEESI~1.SHA\AppDa...}, cssSelectorsEnabled: true, databaseEnabled: false, goog:chromeOptions: {debuggerAddress: localhost:55490}, handlesAlerts: true, hasTouchScreen: false, javascriptEnabled: true, locationContextEnabled: true, mobileEmulationEnabled: false, nativeEvents: true, networkConnectionEnabled: false, pageLoadStrategy: normal, platform: XP, platformName: XP, proxy: Proxy(), rotatable: false, setWindowRect: true, strictFileInteractability: false, takesHeapSnapshot: true, takesScreenshot: true, timeouts: {implicit: 0, pageLoad: 300000, script: 30000}, unexpectedAlertBehaviour: ignore, unhandledPromptBehavior: ignore, version: 74.0.3729.157, webStorageEnabled: true}
Session ID: 32e776920e1e13751037f10eefe43248
at sun.reflect.NativeConstructorAccessorImpl.newInstance0(Native Method)
at sun.reflect.NativeConstructorAccessorImpl.newInstance(NativeConstructorAccessorImpl.java:62)
at sun.reflect.DelegatingConstructorAccessorImpl.newInstance(DelegatingConstructorAccessorImpl.java:45)
at java.lang.reflect.Constructor.newInstance(Constructor.java:423)
at org.openqa.selenium.remote.ErrorHandler.createThrowable(ErrorHandler.java:214)
at org.openqa.selenium.remote.ErrorHandler.throwIfResponseFailed(ErrorHandler.java:166)
at org.openqa.selenium.remote.http.JsonHttpResponseCodec.reconstructValue(JsonHttpResponseCodec.java:40)
at org.openqa.selenium.remote.http.AbstractHttpResponseCodec.decode(AbstractHttpResponseCodec.java:80)
at org.openqa.selenium.remote.http.AbstractHttpResponseCodec.decode(AbstractHttpResponseCodec.java:44)
at org.openqa.selenium.remote.HttpCommandExecutor.execute(HttpCommandExecutor.java:158)
at org.openqa.selenium.remote.service.DriverCommandExecutor.execute(DriverCommandExecutor.java:83)
at org.openqa.selenium.remote.RemoteWebDriver.execute(RemoteWebDriver.java:552)
at org.openqa.selenium.remote.RemoteWebDriver.execute(RemoteWebDriver.java:609)
at org.openqa.selenium.remote.RemoteWebDriver.getScreenshotAs(RemoteWebDriver.java:295)
at com.RM.Generic.GenericMethods2.captureScreenshot(GenericMethods2.java:1053)
at com.RM.Generic.GenericMethods2.logFail(GenericMethods2.java:119)
at com.RM.Main_Scripts.Add_New_User_Main_Test.Add_New_user_Data_Entry(Add_New_User_Main_Test.java:274)
at sun.reflect.NativeMethodAccessorImpl.invoke0(Native Method)
at sun.reflect.NativeMethodAccessorImpl.invoke(NativeMethodAccessorImpl.java:62)
at sun.reflect.DelegatingMethodAccessorImpl.invoke(DelegatingMethodAccessorImpl.java:43)
at java.lang.reflect.Method.invoke(Method.java:498)
at org.testng.internal.MethodInvocationHelper.invokeMethod(MethodInvocationHelper.java:124)
at org.testng.internal.Invoker.invokeMethod(Invoker.java:580)
at org.testng.internal.Invoker.invokeTestMethod(Invoker.java:716)
at org.testng.internal.Invoker.invokeTestMethods(Invoker.java:988)
at org.testng.internal.TestMethodWorker.invokeTestMethods(TestMethodWorker.java:125)
at org.testng.internal.TestMethodWorker.run(TestMethodWorker.java:109)
at org.testng.TestRunner.privateRun(TestRunner.java:648)
at org.testng.TestRunner.run(TestRunner.java:505)
at org.testng.SuiteRunner.runTest(SuiteRunner.java:455)
at org.testng.SuiteRunner.runSequentially(SuiteRunner.java:450)
at org.testng.SuiteRunner.privateRun(SuiteRunner.java:415)
at org.testng.SuiteRunner.run(SuiteRunner.java:364)
at org.testng.SuiteRunnerWorker.runSuite(SuiteRunnerWorker.java:52)
at org.testng.SuiteRunnerWorker.run(SuiteRunnerWorker.java:84)
at org.testng.TestNG.runSuitesSequentially(TestNG.java:1208)
at org.testng.TestNG.runSuitesLocally(TestNG.java:1137)
at org.testng.TestNG.runSuites(TestNG.java:1049)
at org.testng.TestNG.run(TestNG.java:1017)
at org.testng.remote.AbstractRemoteTestNG.run(AbstractRemoteTestNG.java:114)
at org.testng.remote.RemoteTestNG.initAndRun(RemoteTestNG.java:251)
at org.testng.remote.RemoteTestNG.main(RemoteTestNG.java:77)
]]>
            </full-stacktrace>
          </exception> <!-- org.openqa.selenium.WebDriverException -->
          <reporter-output>
          </reporter-output>
        </test-method> <!-- Add_New_user_Data_Entry -->
        <test-method status="FAIL" signature="Mandatory_Check()[pri:2, instance:com.RM.Main_Scripts.Add_New_User_Main_Test@2eda0940]" name="Mandatory_Check" duration-ms="23089" started-at="2019-05-16T10:32:11Z" finished-at="2019-05-16T10:32:34Z">
          <exception class="org.openqa.selenium.WebDriverException">
            <message>
              <![CDATA[chrome not reachable
  (Session info: chrome=74.0.3729.157)
  (Driver info: chromedriver=74.0.3729.6 (255758eccf3d244491b8a1317aa76e1ce10d57e9-refs/branch-heads/3729@{#29}),platform=Windows NT 10.0.17763 x86_64) (WARNING: The server did not provide any stacktrace information)
Command duration or timeout: 0 milliseconds
Build info: version: '3.141.59', revision: 'e82be7d358', time: '2018-11-14T08:17:03'
System info: host: 'M5-D-HY7VXJ2', ip: '10.214.205.176', os.name: 'Windows 10', os.arch: 'amd64', os.version: '10.0', java.version: '1.8.0_171'
Driver info: org.openqa.selenium.chrome.ChromeDriver
Capabilities {acceptInsecureCerts: false, acceptSslCerts: false, applicationCacheEnabled: false, browserConnectionEnabled: false, browserName: chrome, chrome: {chromedriverVersion: 74.0.3729.6 (255758eccf3d24..., userDataDir: C:\Users\ANEESI~1.SHA\AppDa...}, cssSelectorsEnabled: true, databaseEnabled: false, goog:chromeOptions: {debuggerAddress: localhost:55490}, handlesAlerts: true, hasTouchScreen: false, javascriptEnabled: true, locationContextEnabled: true, mobileEmulationEnabled: false, nativeEvents: true, networkConnectionEnabled: false, pageLoadStrategy: normal, platform: XP, platformName: XP, proxy: Proxy(), rotatable: false, setWindowRect: true, strictFileInteractability: false, takesHeapSnapshot: true, takesScreenshot: true, timeouts: {implicit: 0, pageLoad: 300000, script: 30000}, unexpectedAlertBehaviour: ignore, unhandledPromptBehavior: ignore, version: 74.0.3729.157, webStorageEnabled: true}
Session ID: 32e776920e1e13751037f10eefe43248]]>
            </message>
            <full-stacktrace>
              <![CDATA[org.openqa.selenium.WebDriverException: chrome not reachable
  (Session info: chrome=74.0.3729.157)
  (Driver info: chromedriver=74.0.3729.6 (255758eccf3d244491b8a1317aa76e1ce10d57e9-refs/branch-heads/3729@{#29}),platform=Windows NT 10.0.17763 x86_64) (WARNING: The server did not provide any stacktrace information)
Command duration or timeout: 0 milliseconds
Build info: version: '3.141.59', revision: 'e82be7d358', time: '2018-11-14T08:17:03'
System info: host: 'M5-D-HY7VXJ2', ip: '10.214.205.176', os.name: 'Windows 10', os.arch: 'amd64', os.version: '10.0', java.version: '1.8.0_171'
Driver info: org.openqa.selenium.chrome.ChromeDriver
Capabilities {acceptInsecureCerts: false, acceptSslCerts: false, applicationCacheEnabled: false, browserConnectionEnabled: false, browserName: chrome, chrome: {chromedriverVersion: 74.0.3729.6 (255758eccf3d24..., userDataDir: C:\Users\ANEESI~1.SHA\AppDa...}, cssSelectorsEnabled: true, databaseEnabled: false, goog:chromeOptions: {debuggerAddress: localhost:55490}, handlesAlerts: true, hasTouchScreen: false, javascriptEnabled: true, locationContextEnabled: true, mobileEmulationEnabled: false, nativeEvents: true, networkConnectionEnabled: false, pageLoadStrategy: normal, platform: XP, platformName: XP, proxy: Proxy(), rotatable: false, setWindowRect: true, strictFileInteractability: false, takesHeapSnapshot: true, takesScreenshot: true, timeouts: {implicit: 0, pageLoad: 300000, script: 30000}, unexpectedAlertBehaviour: ignore, unhandledPromptBehavior: ignore, version: 74.0.3729.157, webStorageEnabled: true}
Session ID: 32e776920e1e13751037f10eefe43248
at sun.reflect.NativeConstructorAccessorImpl.newInstance0(Native Method)
at sun.reflect.NativeConstructorAccessorImpl.newInstance(NativeConstructorAccessorImpl.java:62)
at sun.reflect.DelegatingConstructorAccessorImpl.newInstance(DelegatingConstructorAccessorImpl.java:45)
at java.lang.reflect.Constructor.newInstance(Constructor.java:423)
at org.openqa.selenium.remote.ErrorHandler.createThrowable(ErrorHandler.java:214)
at org.openqa.selenium.remote.ErrorHandler.throwIfResponseFailed(ErrorHandler.java:166)
at org.openqa.selenium.remote.http.JsonHttpResponseCodec.reconstructValue(JsonHttpResponseCodec.java:40)
at org.openqa.selenium.remote.http.AbstractHttpResponseCodec.decode(AbstractHttpResponseCodec.java:80)
at org.openqa.selenium.remote.http.AbstractHttpResponseCodec.decode(AbstractHttpResponseCodec.java:44)
at org.openqa.selenium.remote.HttpCommandExecutor.execute(HttpCommandExecutor.java:158)
at org.openqa.selenium.remote.service.DriverCommandExecutor.execute(DriverCommandExecutor.java:83)
at org.openqa.selenium.remote.RemoteWebDriver.execute(RemoteWebDriver.java:552)
at org.openqa.selenium.remote.RemoteWebDriver.execute(RemoteWebDriver.java:609)
at org.openqa.selenium.remote.RemoteWebDriver.getScreenshotAs(RemoteWebDriver.java:295)
at com.RM.Generic.GenericMethods2.captureScreenshot(GenericMethods2.java:1053)
at com.RM.Generic.GenericMethods2.logFail(GenericMethods2.java:119)
at com.RM.Main_Scripts.Add_New_User_Main_Test.Mandatory_Check(Add_New_User_Main_Test.java:66)
at sun.reflect.NativeMethodAccessorImpl.invoke0(Native Method)
at sun.reflect.NativeMethodAccessorImpl.invoke(NativeMethodAccessorImpl.java:62)
at sun.reflect.DelegatingMethodAccessorImpl.invoke(DelegatingMethodAccessorImpl.java:43)
at java.lang.reflect.Method.invoke(Method.java:498)
at org.testng.internal.MethodInvocationHelper.invokeMethod(MethodInvocationHelper.java:124)
at org.testng.internal.Invoker.invokeMethod(Invoker.java:580)
at org.testng.internal.Invoker.invokeTestMethod(Invoker.java:716)
at org.testng.internal.Invoker.invokeTestMethods(Invoker.java:988)
at org.testng.internal.TestMethodWorker.invokeTestMethods(TestMethodWorker.java:125)
at org.testng.internal.TestMethodWorker.run(TestMethodWorker.java:109)
at org.testng.TestRunner.privateRun(TestRunner.java:648)
at org.testng.TestRunner.run(TestRunner.java:505)
at org.testng.SuiteRunner.runTest(SuiteRunner.java:455)
at org.testng.SuiteRunner.runSequentially(SuiteRunner.java:450)
at org.testng.SuiteRunner.privateRun(SuiteRunner.java:415)
at org.testng.SuiteRunner.run(SuiteRunner.java:364)
at org.testng.SuiteRunnerWorker.runSuite(SuiteRunnerWorker.java:52)
at org.testng.SuiteRunnerWorker.run(SuiteRunnerWorker.java:84)
at org.testng.TestNG.runSuitesSequentially(TestNG.java:1208)
at org.testng.TestNG.runSuitesLocally(TestNG.java:1137)
at org.testng.TestNG.runSuites(TestNG.java:1049)
at org.testng.TestNG.run(TestNG.java:1017)
at org.testng.remote.AbstractRemoteTestNG.run(AbstractRemoteTestNG.java:114)
at org.testng.remote.RemoteTestNG.initAndRun(RemoteTestNG.java:251)
at org.testng.remote.RemoteTestNG.main(RemoteTestNG.java:77)
]]>
            </full-stacktrace>
          </exception> <!-- org.openqa.selenium.WebDriverException -->
          <reporter-output>
          </reporter-output>
        </test-method> <!-- Mandatory_Check -->
        <test-method status="PASS" signature="tear()[pri:3, instance:com.RM.Main_Scripts.Add_New_User_Main_Test@2eda0940]" name="tear" duration-ms="798" started-at="2019-05-16T10:32:34Z" finished-at="2019-05-16T10:32:35Z">
          <reporter-output>
          </reporter-output>
        </test-method> <!-- tear -->
        <test-method status="PASS" signature="tearDown()[pri:0, instance:com.RM.Main_Scripts.Add_New_User_Main_Test@2eda0940]" name="tearDown" is-config="true" duration-ms="536" started-at="2019-05-16T10:32:35Z" finished-at="2019-05-16T10:32:35Z">
          <reporter-output>
          </reporter-output>
        </test-method> <!-- tearDown -->
      </class> <!-- com.RM.Main_Scripts.Add_New_User_Main_Test -->
    </test> <!-- Default test -->
  </suite> <!-- Default suite -->
</testng-results>
